This is pdfTeX, Version 3.141592653-2.6-1.40.23 (TeX Live 2021/W32TeX) (preloaded format=pdflatex 2022.4.1)  5 SEP 2022 02:57
entering extended mode
 restricted \write18 enabled.
 %&-line parsing enabled.
**Chile_Suecia.tex
(./Chile_Suecia.tex
LaTeX2e <2021-11-15> patch level 1
L3 programming layer <2022-02-24> (./templates/facsothesis.cls
Document Class: templates/facsothesis 2004/01/27 The Reed College Thesis Class

(c:/Users/Francisco Meneses R/AppData/Roaming/TinyTeX/texmf-dist/tex/latex/base
/book.cls
Document Class: book 2021/10/04 v1.4n Standard LaTeX document class

(c:/Users/Francisco Meneses R/AppData/Roaming/TinyTeX/texmf-dist/tex/latex/base
/bk12.clo
File: bk12.clo 2021/10/04 v1.4n Standard LaTeX file (size option)
)
\c@part=\count185
\c@chapter=\count186
\c@section=\count187
\c@subsection=\count188
\c@subsubsection=\count189
\c@paragraph=\count190
\c@subparagraph=\count191
\c@figure=\count192
\c@table=\count193
\abovecaptionskip=\skip47
\belowcaptionskip=\skip48
\bibindent=\dimen138
)
(c:/Users/Francisco Meneses R/AppData/Roaming/TinyTeX/texmf-dist/tex/latex/fanc
yhdr/fancyhdr.sty
Package: fancyhdr 2021/01/28 v4.0.1 Extensive control of page headers and foote
rs
\f@nch@headwidth=\skip49
\f@nch@O@elh=\skip50
\f@nch@O@erh=\skip51
\f@nch@O@olh=\skip52
\f@nch@O@orh=\skip53
\f@nch@O@elf=\skip54
\f@nch@O@erf=\skip55
\f@nch@O@olf=\skip56
\f@nch@O@orf=\skip57
)
(c:/Users/Francisco Meneses R/AppData/Roaming/TinyTeX/texmf-dist/tex/latex/fanc
yvrb/fancyvrb.sty
Package: fancyvrb 2021/12/21 4.1b verbatim text (tvz,hv)

(c:/Users/Francisco Meneses R/AppData/Roaming/TinyTeX/texmf-dist/tex/latex/grap
hics/keyval.sty
Package: keyval 2014/10/28 v1.15 key=value parser (DPC)
\KV@toks@=\toks16
)
\FV@CodeLineNo=\count194
\FV@InFile=\read2
\FV@TabBox=\box50
\c@FancyVerbLine=\count195
\FV@StepNumber=\count196
\FV@OutFile=\write3
)
(c:/Users/Francisco Meneses R/AppData/Roaming/TinyTeX/texmf-dist/tex/generic/if
tex/ifxetex.sty
Package: ifxetex 2019/10/25 v0.7 ifxetex legacy package. Use iftex instead.

(c:/Users/Francisco Meneses R/AppData/Roaming/TinyTeX/texmf-dist/tex/generic/if
tex/iftex.sty
Package: iftex 2022/02/03 v1.0f TeX engine tests
))
(c:/Users/Francisco Meneses R/AppData/Roaming/TinyTeX/texmf-dist/tex/generic/if
tex/ifluatex.sty
Package: ifluatex 2019/10/25 v1.5 ifluatex legacy package. Use iftex instead.
)
(c:/Users/Francisco Meneses R/AppData/Roaming/TinyTeX/texmf-dist/tex/latex/base
/fixltx2e.sty
Package: fixltx2e 2016/12/29 v2.1a fixes to LaTeX (obsolete)
Applying: [2015/01/01] Old fixltx2e package on input line 46.

Package fixltx2e Warning: fixltx2e is not required with releases after 2015
(fixltx2e)                All fixes are now in the LaTeX kernel.
(fixltx2e)                See the latexrelease package for details.

Already applied: [0000/00/00] Old fixltx2e package on input line 53.
)
(c:/Users/Francisco Meneses R/AppData/Roaming/TinyTeX/texmf-dist/tex/latex/base
/fontenc.sty
Package: fontenc 2021/04/29 v2.0v Standard LaTeX package
)
(c:/Users/Francisco Meneses R/AppData/Roaming/TinyTeX/texmf-dist/tex/latex/base
/inputenc.sty
Package: inputenc 2021/02/14 v1.3d Input encoding file
\inpenc@prehook=\toks17
\inpenc@posthook=\toks18
)
(c:/Users/Francisco Meneses R/AppData/Roaming/TinyTeX/texmf-dist/tex/latex/grap
hics/color.sty
Package: color 2021/12/07 v1.3c Standard LaTeX Color (DPC)

(c:/Users/Francisco Meneses R/AppData/Roaming/TinyTeX/texmf-dist/tex/latex/grap
hics-cfg/color.cfg
File: color.cfg 2016/01/02 v1.6 sample color configuration
)
Package color Info: Driver file: pdftex.def on input line 149.

(c:/Users/Francisco Meneses R/AppData/Roaming/TinyTeX/texmf-dist/tex/latex/grap
hics-def/pdftex.def
File: pdftex.def 2020/10/05 v1.2a Graphics/color driver for pdftex
))
(c:/Users/Francisco Meneses R/AppData/Roaming/TinyTeX/texmf-dist/tex/latex/fram
ed/framed.sty
Package: framed 2011/10/22 v 0.96: framed or shaded text with page breaks
\OuterFrameSep=\skip58
\fb@frw=\dimen139
\fb@frh=\dimen140
\FrameRule=\dimen141
\FrameSep=\dimen142
))
(c:/Users/Francisco Meneses R/AppData/Roaming/TinyTeX/texmf-dist/tex/generic/ba
bel/babel.sty
Package: babel 2022/02/26 3.73 The Babel package
\babel@savecnt=\count197
\U@D=\dimen143
\l@unhyphenated=\language4

(c:/Users/Francisco Meneses R/AppData/Roaming/TinyTeX/texmf-dist/tex/generic/ba
bel/txtbabel.def)
\bbl@readstream=\read3
\bbl@dirlevel=\count198

(c:/Users/Francisco Meneses R/AppData/Roaming/TinyTeX/texmf-dist/tex/generic/ba
bel-spanish/spanish.ldf
Language: spanish.ldf 2021/05/27 v5.0q Spanish support from the babel system
\es@quottoks=\toks19
\es@quotdepth=\count199
Package babel Info: Making " an active character on input line 570.
Package babel Info: Making . an active character on input line 675.
Package babel Info: Making < an active character on input line 722.
Package babel Info: Making > an active character on input line 722.
))
(c:/Users/Francisco Meneses R/AppData/Roaming/TinyTeX/texmf-dist/tex/latex/grap
hics/graphicx.sty
Package: graphicx 2021/09/16 v1.2d Enhanced LaTeX Graphics (DPC,SPQR)

(c:/Users/Francisco Meneses R/AppData/Roaming/TinyTeX/texmf-dist/tex/latex/grap
hics/graphics.sty
Package: graphics 2021/03/04 v1.4d Standard LaTeX Graphics (DPC,SPQR)

(c:/Users/Francisco Meneses R/AppData/Roaming/TinyTeX/texmf-dist/tex/latex/grap
hics/trig.sty
Package: trig 2021/08/11 v1.11 sin cos tan (DPC)
)
(c:/Users/Francisco Meneses R/AppData/Roaming/TinyTeX/texmf-dist/tex/latex/grap
hics-cfg/graphics.cfg
File: graphics.cfg 2016/06/04 v1.11 sample graphics configuration
)
Package graphics Info: Driver file: pdftex.def on input line 107.
)
\Gin@req@height=\dimen144
\Gin@req@width=\dimen145
)
(c:/Users/Francisco Meneses R/AppData/Roaming/TinyTeX/texmf-dist/tex/latex/base
/latexsym.sty
Package: latexsym 1998/08/17 v2.2e Standard LaTeX package (lasy symbols)
\symlasy=\mathgroup4
LaTeX Font Info:    Overwriting symbol font `lasy' in version `bold'
(Font)                  U/lasy/m/n --> U/lasy/b/n on input line 52.
)
(c:/Users/Francisco Meneses R/AppData/Roaming/TinyTeX/texmf-dist/tex/latex/amsm
ath/amsmath.sty
Package: amsmath 2021/10/15 v2.17l AMS math features
\@mathmargin=\skip59
For additional information on amsmath, use the `?' option.

(c:/Users/Francisco Meneses R/AppData/Roaming/TinyTeX/texmf-dist/tex/latex/amsm
ath/amstext.sty
Package: amstext 2021/08/26 v2.01 AMS text

(c:/Users/Francisco Meneses R/AppData/Roaming/TinyTeX/texmf-dist/tex/latex/amsm
ath/amsgen.sty
File: amsgen.sty 1999/11/30 v2.0 generic functions
\@emptytoks=\toks20
\ex@=\dimen146
))
(c:/Users/Francisco Meneses R/AppData/Roaming/TinyTeX/texmf-dist/tex/latex/amsm
ath/amsbsy.sty
Package: amsbsy 1999/11/29 v1.2d Bold Symbols
\pmbraise@=\dimen147
)
(c:/Users/Francisco Meneses R/AppData/Roaming/TinyTeX/texmf-dist/tex/latex/amsm
ath/amsopn.sty
Package: amsopn 2021/08/26 v2.02 operator names
)
\inf@bad=\count266
LaTeX Info: Redefining \frac on input line 234.
\uproot@=\count267
\leftroot@=\count268
LaTeX Info: Redefining \overline on input line 399.
\classnum@=\count269
\DOTSCASE@=\count270
LaTeX Info: Redefining \ldots on input line 496.
LaTeX Info: Redefining \dots on input line 499.
LaTeX Info: Redefining \cdots on input line 620.
\Mathstrutbox@=\box51
\strutbox@=\box52
\big@size=\dimen148
LaTeX Font Info:    Redeclaring font encoding OML on input line 743.
LaTeX Font Info:    Redeclaring font encoding OMS on input line 744.
\macc@depth=\count271
\c@MaxMatrixCols=\count272
\dotsspace@=\muskip16
\c@parentequation=\count273
\dspbrk@lvl=\count274
\tag@help=\toks21
\row@=\count275
\column@=\count276
\maxfields@=\count277
\andhelp@=\toks22
\eqnshift@=\dimen149
\alignsep@=\dimen150
\tagshift@=\dimen151
\tagwidth@=\dimen152
\totwidth@=\dimen153
\lineht@=\dimen154
\@envbody=\toks23
\multlinegap=\skip60
\multlinetaggap=\skip61
\mathdisplay@stack=\toks24
LaTeX Info: Redefining \[ on input line 2938.
LaTeX Info: Redefining \] on input line 2939.
)
(c:/Users/Francisco Meneses R/AppData/Roaming/TinyTeX/texmf-dist/tex/latex/amsf
onts/amssymb.sty
Package: amssymb 2013/01/14 v3.01 AMS font symbols

(c:/Users/Francisco Meneses R/AppData/Roaming/TinyTeX/texmf-dist/tex/latex/amsf
onts/amsfonts.sty
Package: amsfonts 2013/01/14 v3.01 Basic AMSFonts support
\symAMSa=\mathgroup5
\symAMSb=\mathgroup6
LaTeX Font Info:    Redeclaring math symbol \hbar on input line 98.
LaTeX Font Info:    Overwriting math alphabet `\mathfrak' in version `bold'
(Font)                  U/euf/m/n --> U/euf/b/n on input line 106.
))
(c:/Users/Francisco Meneses R/AppData/Roaming/TinyTeX/texmf-dist/tex/latex/amsc
ls/amsthm.sty
Package: amsthm 2020/05/29 v2.20.6
\thm@style=\toks25
\thm@bodyfont=\toks26
\thm@headfont=\toks27
\thm@notefont=\toks28
\thm@headpunct=\toks29
\thm@preskip=\skip62
\thm@postskip=\skip63
\thm@headsep=\skip64
\dth@everypar=\toks30
)
(c:/Users/Francisco Meneses R/AppData/Roaming/TinyTeX/texmf-dist/tex/latex/tool
s/longtable.sty
Package: longtable 2021-09-01 v4.17 Multi-page Table package (DPC)
\LTleft=\skip65
\LTright=\skip66
\LTpre=\skip67
\LTpost=\skip68
\LTchunksize=\count278
\LTcapwidth=\dimen155
\LT@head=\box53
\LT@firsthead=\box54
\LT@foot=\box55
\LT@lastfoot=\box56
\LT@gbox=\box57
\LT@cols=\count279
\LT@rows=\count280
\c@LT@tables=\count281
\c@LT@chunks=\count282
\LT@p@ftn=\toks31
)
(c:/Users/Francisco Meneses R/AppData/Roaming/TinyTeX/texmf-dist/tex/latex/book
tabs/booktabs.sty
Package: booktabs 2020/01/12 v1.61803398 Publication quality tables
\heavyrulewidth=\dimen156
\lightrulewidth=\dimen157
\cmidrulewidth=\dimen158
\belowrulesep=\dimen159
\belowbottomsep=\dimen160
\aboverulesep=\dimen161
\abovetopsep=\dimen162
\cmidrulesep=\dimen163
\cmidrulekern=\dimen164
\defaultaddspace=\dimen165
\@cmidla=\count283
\@cmidlb=\count284
\@aboverulesep=\dimen166
\@belowrulesep=\dimen167
\@thisruleclass=\count285
\@lastruleclass=\count286
\@thisrulewidth=\dimen168
)
(c:/Users/Francisco Meneses R/AppData/Roaming/TinyTeX/texmf-dist/tex/latex/sets
pace/setspace.sty
Package: setspace 2011/12/19 v6.7a set line spacing
)
(c:/Users/Francisco Meneses R/AppData/Roaming/TinyTeX/texmf-dist/tex/latex/ober
diek/chemarr.sty
Package: chemarr 2016/05/16 v1.3 Arrows for chemical reactions (HO)
)
(c:/Users/Francisco Meneses R/AppData/Roaming/TinyTeX/texmf-dist/tex/latex/url/
url.sty
\Urlmuskip=\muskip17
Package: url 2013/09/16  ver 3.4  Verb mode for urls, etc.
)
(c:/Users/Francisco Meneses R/AppData/Roaming/TinyTeX/texmf-dist/tex/latex/hype
rref/hyperref.sty
Package: hyperref 2022-02-21 v7.00n Hypertext links for LaTeX

(c:/Users/Francisco Meneses R/AppData/Roaming/TinyTeX/texmf-dist/tex/generic/lt
xcmds/ltxcmds.sty
Package: ltxcmds 2020-05-10 v1.25 LaTeX kernel commands for general use (HO)
)
(c:/Users/Francisco Meneses R/AppData/Roaming/TinyTeX/texmf-dist/tex/generic/pd
ftexcmds/pdftexcmds.sty
Package: pdftexcmds 2020-06-27 v0.33 Utility functions of pdfTeX for LuaTeX (HO
)

(c:/Users/Francisco Meneses R/AppData/Roaming/TinyTeX/texmf-dist/tex/generic/in
fwarerr/infwarerr.sty
Package: infwarerr 2019/12/03 v1.5 Providing info/warning/error messages (HO)
)
Package pdftexcmds Info: \pdf@primitive is available.
Package pdftexcmds Info: \pdf@ifprimitive is available.
Package pdftexcmds Info: \pdfdraftmode found.
)
(c:/Users/Francisco Meneses R/AppData/Roaming/TinyTeX/texmf-dist/tex/generic/kv
setkeys/kvsetkeys.sty
Package: kvsetkeys 2019/12/15 v1.18 Key value parser (HO)
)
(c:/Users/Francisco Meneses R/AppData/Roaming/TinyTeX/texmf-dist/tex/generic/kv
definekeys/kvdefinekeys.sty
Package: kvdefinekeys 2019-12-19 v1.6 Define keys (HO)
)
(c:/Users/Francisco Meneses R/AppData/Roaming/TinyTeX/texmf-dist/tex/generic/pd
fescape/pdfescape.sty
Package: pdfescape 2019/12/09 v1.15 Implements pdfTeX's escape features (HO)
)
(c:/Users/Francisco Meneses R/AppData/Roaming/TinyTeX/texmf-dist/tex/latex/hyco
lor/hycolor.sty
Package: hycolor 2020-01-27 v1.10 Color options for hyperref/bookmark (HO)
)
(c:/Users/Francisco Meneses R/AppData/Roaming/TinyTeX/texmf-dist/tex/latex/letl
txmacro/letltxmacro.sty
Package: letltxmacro 2019/12/03 v1.6 Let assignment for LaTeX macros (HO)
)
(c:/Users/Francisco Meneses R/AppData/Roaming/TinyTeX/texmf-dist/tex/latex/auxh
ook/auxhook.sty
Package: auxhook 2019-12-17 v1.6 Hooks for auxiliary files (HO)
)
(c:/Users/Francisco Meneses R/AppData/Roaming/TinyTeX/texmf-dist/tex/latex/kvop
tions/kvoptions.sty
Package: kvoptions 2020-10-07 v3.14 Key value format for package options (HO)
)
\@linkdim=\dimen169
\Hy@linkcounter=\count287
\Hy@pagecounter=\count288

(c:/Users/Francisco Meneses R/AppData/Roaming/TinyTeX/texmf-dist/tex/latex/hype
rref/pd1enc.def
File: pd1enc.def 2022-02-21 v7.00n Hyperref: PDFDocEncoding definition (HO)
Now handling font encoding PD1 ...
... no UTF-8 mapping file for font encoding PD1
)
(c:/Users/Francisco Meneses R/AppData/Roaming/TinyTeX/texmf-dist/tex/generic/in
tcalc/intcalc.sty
Package: intcalc 2019/12/15 v1.3 Expandable calculations with integers (HO)
)
(c:/Users/Francisco Meneses R/AppData/Roaming/TinyTeX/texmf-dist/tex/generic/et
excmds/etexcmds.sty
Package: etexcmds 2019/12/15 v1.7 Avoid name clashes with e-TeX commands (HO)
)
\Hy@SavedSpaceFactor=\count289

(c:/Users/Francisco Meneses R/AppData/Roaming/TinyTeX/texmf-dist/tex/latex/hype
rref/puenc.def
File: puenc.def 2022-02-21 v7.00n Hyperref: PDF Unicode definition (HO)
Now handling font encoding PU ...
... no UTF-8 mapping file for font encoding PU
)
Package hyperref Info: Option `colorlinks' set `true' on input line 4018.
Package hyperref Info: Hyper figures OFF on input line 4137.
Package hyperref Info: Link nesting OFF on input line 4142.
Package hyperref Info: Hyper index ON on input line 4145.
Package hyperref Info: Plain pages OFF on input line 4152.
Package hyperref Info: Backreferencing OFF on input line 4157.
Package hyperref Info: Implicit mode ON; LaTeX internals redefined.
Package hyperref Info: Bookmarks ON on input line 4390.
\c@Hy@tempcnt=\count290
LaTeX Info: Redefining \url on input line 4749.
\XeTeXLinkMargin=\dimen170

(c:/Users/Francisco Meneses R/AppData/Roaming/TinyTeX/texmf-dist/tex/generic/bi
tset/bitset.sty
Package: bitset 2019/12/09 v1.3 Handle bit-vector datatype (HO)

(c:/Users/Francisco Meneses R/AppData/Roaming/TinyTeX/texmf-dist/tex/generic/bi
gintcalc/bigintcalc.sty
Package: bigintcalc 2019/12/15 v1.5 Expandable calculations on big integers (HO
)
))
\Fld@menulength=\count291
\Field@Width=\dimen171
\Fld@charsize=\dimen172
Package hyperref Info: Hyper figures OFF on input line 6027.
Package hyperref Info: Link nesting OFF on input line 6032.
Package hyperref Info: Hyper index ON on input line 6035.
Package hyperref Info: backreferencing OFF on input line 6042.
Package hyperref Info: Link coloring ON on input line 6045.
Package hyperref Info: Link coloring with OCG OFF on input line 6052.
Package hyperref Info: PDF/A mode OFF on input line 6057.
LaTeX Info: Redefining \ref on input line 6097.
LaTeX Info: Redefining \pageref on input line 6101.

(c:/Users/Francisco Meneses R/AppData/Roaming/TinyTeX/texmf-dist/tex/latex/base
/atbegshi-ltx.sty
Package: atbegshi-ltx 2021/01/10 v1.0c Emulation of the original atbegshi
package with kernel methods
)
\Hy@abspage=\count292
\c@Item=\count293
\c@Hfootnote=\count294
)
Package hyperref Info: Driver (autodetected): hpdftex.

(c:/Users/Francisco Meneses R/AppData/Roaming/TinyTeX/texmf-dist/tex/latex/hype
rref/hpdftex.def
File: hpdftex.def 2022-02-21 v7.00n Hyperref driver for pdfTeX

(c:/Users/Francisco Meneses R/AppData/Roaming/TinyTeX/texmf-dist/tex/latex/base
/atveryend-ltx.sty
Package: atveryend-ltx 2020/08/19 v1.0a Emulation of the original atveryend pac
kage
with kernel methods
)
\Fld@listcount=\count295
\c@bookmark@seq@number=\count296

(c:/Users/Francisco Meneses R/AppData/Roaming/TinyTeX/texmf-dist/tex/latex/reru
nfilecheck/rerunfilecheck.sty
Package: rerunfilecheck 2019/12/05 v1.9 Rerun checks for auxiliary files (HO)

(c:/Users/Francisco Meneses R/AppData/Roaming/TinyTeX/texmf-dist/tex/generic/un
iquecounter/uniquecounter.sty
Package: uniquecounter 2019/12/15 v1.4 Provide unlimited unique counter (HO)
)
Package uniquecounter Info: New unique counter `rerunfilecheck' on input line 2
86.
)
\Hy@SectionHShift=\skip69
)
(c:/Users/Francisco Meneses R/AppData/Roaming/TinyTeX/texmf-dist/tex/latex/lm/l
modern.sty
Package: lmodern 2015/05/01 v1.6.1 Latin Modern Fonts
LaTeX Font Info:    Overwriting symbol font `operators' in version `normal'
(Font)                  OT1/cmr/m/n --> OT1/lmr/m/n on input line 22.
LaTeX Font Info:    Overwriting symbol font `letters' in version `normal'
(Font)                  OML/cmm/m/it --> OML/lmm/m/it on input line 23.
LaTeX Font Info:    Overwriting symbol font `symbols' in version `normal'
(Font)                  OMS/cmsy/m/n --> OMS/lmsy/m/n on input line 24.
LaTeX Font Info:    Overwriting symbol font `largesymbols' in version `normal'
(Font)                  OMX/cmex/m/n --> OMX/lmex/m/n on input line 25.
LaTeX Font Info:    Overwriting symbol font `operators' in version `bold'
(Font)                  OT1/cmr/bx/n --> OT1/lmr/bx/n on input line 26.
LaTeX Font Info:    Overwriting symbol font `letters' in version `bold'
(Font)                  OML/cmm/b/it --> OML/lmm/b/it on input line 27.
LaTeX Font Info:    Overwriting symbol font `symbols' in version `bold'
(Font)                  OMS/cmsy/b/n --> OMS/lmsy/b/n on input line 28.
LaTeX Font Info:    Overwriting symbol font `largesymbols' in version `bold'
(Font)                  OMX/cmex/m/n --> OMX/lmex/m/n on input line 29.
LaTeX Font Info:    Overwriting math alphabet `\mathbf' in version `normal'
(Font)                  OT1/cmr/bx/n --> OT1/lmr/bx/n on input line 31.
LaTeX Font Info:    Overwriting math alphabet `\mathsf' in version `normal'
(Font)                  OT1/cmss/m/n --> OT1/lmss/m/n on input line 32.
LaTeX Font Info:    Overwriting math alphabet `\mathit' in version `normal'
(Font)                  OT1/cmr/m/it --> OT1/lmr/m/it on input line 33.
LaTeX Font Info:    Overwriting math alphabet `\mathtt' in version `normal'
(Font)                  OT1/cmtt/m/n --> OT1/lmtt/m/n on input line 34.
LaTeX Font Info:    Overwriting math alphabet `\mathbf' in version `bold'
(Font)                  OT1/cmr/bx/n --> OT1/lmr/bx/n on input line 35.
LaTeX Font Info:    Overwriting math alphabet `\mathsf' in version `bold'
(Font)                  OT1/cmss/bx/n --> OT1/lmss/bx/n on input line 36.
LaTeX Font Info:    Overwriting math alphabet `\mathit' in version `bold'
(Font)                  OT1/cmr/bx/it --> OT1/lmr/bx/it on input line 37.
LaTeX Font Info:    Overwriting math alphabet `\mathtt' in version `bold'
(Font)                  OT1/cmtt/m/n --> OT1/lmtt/m/n on input line 38.
)
(c:/Users/Francisco Meneses R/AppData/Roaming/TinyTeX/texmf-dist/tex/latex/floa
t/float.sty
Package: float 2001/11/08 v1.3d Float enhancements (AL)
\c@float@type=\count297
\float@exts=\toks32
\float@box=\box58
\@float@everytoks=\toks33
\@floatcapt=\box59
)
(c:/Users/Francisco Meneses R/AppData/Roaming/TinyTeX/texmf-dist/tex/latex/grap
hics/rotating.sty
Package: rotating 2016/08/11 v2.16d rotated objects in LaTeX

(c:/Users/Francisco Meneses R/AppData/Roaming/TinyTeX/texmf-dist/tex/latex/base
/ifthen.sty
Package: ifthen 2020/11/24 v1.1c Standard LaTeX ifthen package (DPC)
)
\c@r@tfl@t=\count298
\rotFPtop=\skip70
\rotFPbot=\skip71
\rot@float@box=\box60
\rot@mess@toks=\toks34
)
(c:/Users/Francisco Meneses R/AppData/Roaming/TinyTeX/texmf-dist/tex/latex/plac
eins/placeins.sty
Package: placeins 2005/04/18  v 2.2
)
(c:/Users/Francisco Meneses R/AppData/Roaming/TinyTeX/texmf-dist/tex/latex/natb
ib/natbib.sty
Package: natbib 2010/09/13 8.31b (PWD, AO)
\bibhang=\skip72
\bibsep=\skip73
LaTeX Info: Redefining \cite on input line 694.
\c@NAT@ctr=\count299
)
(c:/Users/Francisco Meneses R/AppData/Roaming/TinyTeX/texmf-dist/tex/latex/capt
ion/caption.sty
Package: caption 2022/03/01 v3.6b Customizing captions (AR)

(c:/Users/Francisco Meneses R/AppData/Roaming/TinyTeX/texmf-dist/tex/latex/capt
ion/caption3.sty
Package: caption3 2022/03/17 v2.3b caption3 kernel (AR)
\caption@tempdima=\dimen173
\captionmargin=\dimen174
\caption@leftmargin=\dimen175
\caption@rightmargin=\dimen176
\caption@width=\dimen177
\caption@indent=\dimen178
\caption@parindent=\dimen179
\caption@hangindent=\dimen180
Package caption Info: Standard document class detected.
)
\c@caption@flags=\count300
\c@continuedfloat=\count301
Package caption Info: float package is loaded.
Package caption Info: hyperref package is loaded.
Package caption Info: longtable package is loaded.

(c:/Users/Francisco Meneses R/AppData/Roaming/TinyTeX/texmf-dist/tex/latex/capt
ion/ltcaption.sty
Package: ltcaption 2021/01/08 v1.4c longtable captions (AR)
)
Package caption Info: rotating package is loaded.
)
LaTeX Font Info:    Trying to load font information for T1+lmr on input line 16
3.

(c:/Users/Francisco Meneses R/AppData/Roaming/TinyTeX/texmf-dist/tex/latex/lm/t
1lmr.fd
File: t1lmr.fd 2015/05/01 v1.6.1 Font defs for Latin Modern
)
(c:/Users/Francisco Meneses R/AppData/Roaming/TinyTeX/texmf-dist/tex/latex/l3ba
ckend/l3backend-pdftex.def
File: l3backend-pdftex.def 2022-02-07 L3 backend support: PDF output (pdfTeX)
\l__color_backend_stack_int=\count302
\l__pdf_internal_box=\box61
) (./Chile_Suecia.aux
LaTeX Info: Redefining \. on input line 26.
LaTeX Info: Redefining \% on input line 26.
)
\openout1 = `Chile_Suecia.aux'.

LaTeX Font Info:    Checking defaults for OML/cmm/m/it on input line 163.
LaTeX Font Info:    ... okay on input line 163.
LaTeX Font Info:    Checking defaults for OMS/cmsy/m/n on input line 163.
LaTeX Font Info:    ... okay on input line 163.
LaTeX Font Info:    Checking defaults for OT1/cmr/m/n on input line 163.
LaTeX Font Info:    ... okay on input line 163.
LaTeX Font Info:    Checking defaults for T1/cmr/m/n on input line 163.
LaTeX Font Info:    ... okay on input line 163.
LaTeX Font Info:    Checking defaults for TS1/cmr/m/n on input line 163.
LaTeX Font Info:    ... okay on input line 163.
LaTeX Font Info:    Checking defaults for OMX/cmex/m/n on input line 163.
LaTeX Font Info:    ... okay on input line 163.
LaTeX Font Info:    Checking defaults for U/cmr/m/n on input line 163.
LaTeX Font Info:    ... okay on input line 163.
LaTeX Font Info:    Checking defaults for PD1/pdf/m/n on input line 163.
LaTeX Font Info:    ... okay on input line 163.
LaTeX Font Info:    Checking defaults for PU/pdf/m/n on input line 163.
LaTeX Font Info:    ... okay on input line 163.

(c:/Users/Francisco Meneses R/AppData/Roaming/TinyTeX/texmf-dist/tex/latex/epst
opdf-pkg/epstopdf-base.sty
Package: epstopdf-base 2020-01-24 v2.11 Base part for package epstopdf
Package epstopdf-base Info: Redefining graphics rule for `.eps' on input line 4
85.

(c:/Users/Francisco Meneses R/AppData/Roaming/TinyTeX/texmf-dist/tex/latex/late
xconfig/epstopdf-sys.cfg
File: epstopdf-sys.cfg 2010/07/13 v1.3 Configuration of (r)epstopdf for TeX Liv
e
))
LaTeX Info: Redefining \. on input line 163.
LaTeX Info: Redefining \% on input line 163.
Package hyperref Info: Link coloring ON on input line 163.

(c:/Users/Francisco Meneses R/AppData/Roaming/TinyTeX/texmf-dist/tex/latex/hype
rref/nameref.sty
Package: nameref 2021-04-02 v2.47 Cross-referencing by name of section

(c:/Users/Francisco Meneses R/AppData/Roaming/TinyTeX/texmf-dist/tex/latex/refc
ount/refcount.sty
Package: refcount 2019/12/15 v3.6 Data extraction from label references (HO)
)
(c:/Users/Francisco Meneses R/AppData/Roaming/TinyTeX/texmf-dist/tex/generic/ge
ttitlestring/gettitlestring.sty
Package: gettitlestring 2019/12/15 v1.6 Cleanup title references (HO)
)
\c@section@level=\count303
)
LaTeX Info: Redefining \ref on input line 163.
LaTeX Info: Redefining \pageref on input line 163.
LaTeX Info: Redefining \nameref on input line 163.
(./Chile_Suecia.out) (./Chile_Suecia.out)
\@outlinefile=\write4
\openout4 = `Chile_Suecia.out'.

Package caption Info: Begin \AtBeginDocument code.
Package caption Info: End \AtBeginDocument code.
<images/facso.png, id=76, 437.635pt x 582.175pt>
File: images/facso.png Graphic file (type png)
<use images/facso.png>
Package pdftex.def Info: images/facso.png  used on input line 167.
(pdftex.def)             Requested size: 175.05089pt x 232.86588pt.
[1
Non-PDF special ignored!
<special> !% Reed College LaTeX Thesis Class 2001/12/04 SN
Non-PDF special ignored!
<special> rawpostscript % Reed College LaTeX Thesis Class 2001/12/04 SN


{c:/Users/Francisco Meneses R/AppData/Roaming/TinyTeX/texmf-var/fonts/map/pdfte
x/updmap/pdftex.map} <./images/facso.png>] [2

] (./Chile_Suecia.toc
LaTeX Info: Redefining \. on input line 1.
LaTeX Info: Redefining \% on input line 1.
LaTeX Font Info:    Trying to load font information for OT1+lmr on input line 6
.

(c:/Users/Francisco Meneses R/AppData/Roaming/TinyTeX/texmf-dist/tex/latex/lm/o
t1lmr.fd
File: ot1lmr.fd 2015/05/01 v1.6.1 Font defs for Latin Modern
)
LaTeX Font Info:    Trying to load font information for OML+lmm on input line 6
.

(c:/Users/Francisco Meneses R/AppData/Roaming/TinyTeX/texmf-dist/tex/latex/lm/o
mllmm.fd
File: omllmm.fd 2015/05/01 v1.6.1 Font defs for Latin Modern
)
LaTeX Font Info:    Trying to load font information for OMS+lmsy on input line 
6.

(c:/Users/Francisco Meneses R/AppData/Roaming/TinyTeX/texmf-dist/tex/latex/lm/o
mslmsy.fd
File: omslmsy.fd 2015/05/01 v1.6.1 Font defs for Latin Modern
)
LaTeX Font Info:    Trying to load font information for OMX+lmex on input line 
6.

(c:/Users/Francisco Meneses R/AppData/Roaming/TinyTeX/texmf-dist/tex/latex/lm/o
mxlmex.fd
File: omxlmex.fd 2015/05/01 v1.6.1 Font defs for Latin Modern
)
LaTeX Font Info:    External font `lmex10' loaded for size
(Font)              <12> on input line 6.
LaTeX Font Info:    External font `lmex10' loaded for size
(Font)              <8> on input line 6.
LaTeX Font Info:    External font `lmex10' loaded for size
(Font)              <6> on input line 6.
LaTeX Font Info:    Trying to load font information for U+lasy on input line 6.


(c:/Users/Francisco Meneses R/AppData/Roaming/TinyTeX/texmf-dist/tex/latex/base
/ulasy.fd
File: ulasy.fd 1998/08/17 v2.2e LaTeX symbol font definitions
)
LaTeX Font Info:    Trying to load font information for U+msa on input line 6.

(c:/Users/Francisco Meneses R/AppData/Roaming/TinyTeX/texmf-dist/tex/latex/amsf
onts/umsa.fd
File: umsa.fd 2013/01/14 v3.01 AMS symbols A
)
LaTeX Font Info:    Trying to load font information for U+msb on input line 6.

(c:/Users/Francisco Meneses R/AppData/Roaming/TinyTeX/texmf-dist/tex/latex/amsf
onts/umsb.fd
File: umsb.fd 2013/01/14 v3.01 AMS symbols B
)
Underfull \vbox (badness 2205) has occurred while \output is active []

[1



])
\tf@toc=\write5
\openout5 = `Chile_Suecia.toc'.

[2] (./Chile_Suecia.lot
LaTeX Info: Redefining \. on input line 1.
LaTeX Info: Redefining \% on input line 1.
)
\tf@lot=\write6
\openout6 = `Chile_Suecia.lot'.

[3

] [4

] (./Chile_Suecia.lof
LaTeX Info: Redefining \. on input line 1.
LaTeX Info: Redefining \% on input line 1.
)
\tf@lof=\write7
\openout7 = `Chile_Suecia.lof'.

[5] [6

]pdfTeX warning (ext4): destination with the same identifier (name{page.1}) has
 been already used, duplicate ignored
<to be read again> 
                   \relax 
l.198 ...{Agradecimientos}\label{agradecimientos}}
                                                   [1

]pdfTeX warning (ext4): destination with the same identifier (name{page.2}) has
 been already used, duplicate ignored
<to be read again> 
                   \relax 
l.198 ...{Agradecimientos}\label{agradecimientos}}
                                                   [2

] [3] [4

]
Cap\'{\i }tulo 1.
[5]
LaTeX Info: Redefining \. on input line 209.
LaTeX Info: Redefining \% on input line 209.
[6]
Cap\'{\i }tulo 2.
[7

]
Underfull \vbox (badness 4739) has occurred while \output is active []

LaTeX Info: Redefining \. on input line 219.
LaTeX Info: Redefining \% on input line 219.

Package fancyhdr Warning: \headheight is too small (14.5pt): 
(fancyhdr)                Make it at least 27.11652pt, for example:
(fancyhdr)                \setlength{\headheight}{27.11652pt}.
(fancyhdr)                You might also make \topmargin smaller to compensate:

(fancyhdr)                \addtolength{\topmargin}{-12.61652pt}.

[8]
Underfull \vbox (badness 10000) has occurred while \output is active []

LaTeX Info: Redefining \. on input line 238.
LaTeX Info: Redefining \% on input line 238.
[9]
<input/images/Chile-Suecia_DI.PNG, id=185, 915.42pt x 459.21562pt>
File: input/images/Chile-Suecia_DI.PNG Graphic file (type png)
<use input/images/Chile-Suecia_DI.PNG>
Package pdftex.def Info: input/images/Chile-Suecia_DI.PNG  used on input line 2
41.
(pdftex.def)             Requested size: 915.41777pt x 459.2145pt.

Overfull \hbox (481.79778pt too wide) in paragraph at lines 241--242
[][] 
 []


Underfull \vbox (badness 10000) has occurred while \output is active []

LaTeX Info: Redefining \. on input line 243.
LaTeX Info: Redefining \% on input line 243.

Package fancyhdr Warning: \headheight is too small (14.5pt): 
(fancyhdr)                Make it at least 27.11652pt, for example:
(fancyhdr)                \setlength{\headheight}{27.11652pt}.
(fancyhdr)                You might also make \topmargin smaller to compensate:

(fancyhdr)                \addtolength{\topmargin}{-12.61652pt}.

[10]
Underfull \vbox (badness 10000) has occurred while \output is active []

LaTeX Info: Redefining \. on input line 244.
LaTeX Info: Redefining \% on input line 244.
[11 <./input/images/Chile-Suecia_DI.PNG>]
LaTeX Font Info:    Trying to load font information for T1+lmtt on input line 2
45.

(c:/Users/Francisco Meneses R/AppData/Roaming/TinyTeX/texmf-dist/tex/latex/lm/t
1lmtt.fd
File: t1lmtt.fd 2015/05/01 v1.6.1 Font defs for Latin Modern
)
LaTeX Info: Redefining \. on input line 252.
LaTeX Info: Redefining \% on input line 252.

Package fancyhdr Warning: \headheight is too small (14.5pt): 
(fancyhdr)                Make it at least 27.11652pt, for example:
(fancyhdr)                \setlength{\headheight}{27.11652pt}.
(fancyhdr)                You might also make \topmargin smaller to compensate:

(fancyhdr)                \addtolength{\topmargin}{-12.61652pt}.

[12]
<input/images/representative-government_1975-2020.png, id=205, 963.6pt x 662.47
5pt>
File: input/images/representative-government_1975-2020.png Graphic file (type p
ng)
<use input/images/representative-government_1975-2020.png>
Package pdftex.def Info: input/images/representative-government_1975-2020.png  
used on input line 257.
(pdftex.def)             Requested size: 963.59766pt x 662.47339pt.

Overfull \hbox (529.97766pt too wide) in paragraph at lines 257--258
[][] 
 []


Underfull \vbox (badness 10000) has occurred while \output is active []

LaTeX Info: Redefining \. on input line 259.
LaTeX Info: Redefining \% on input line 259.
[13]
Overfull \vbox (156.58339pt too high) has occurred while \output is active []

LaTeX Info: Redefining \. on input line 259.
LaTeX Info: Redefining \% on input line 259.

Package fancyhdr Warning: \headheight is too small (14.5pt): 
(fancyhdr)                Make it at least 27.11652pt, for example:
(fancyhdr)                \setlength{\headheight}{27.11652pt}.
(fancyhdr)                You might also make \topmargin smaller to compensate:

(fancyhdr)                \addtolength{\topmargin}{-12.61652pt}.

[14 <./input/images/representative-government_1975-2020.png>]
<input/images/electoral-participation_1975-2020.png, id=215, 1368.61313pt x 462
.22687pt>
File: input/images/electoral-participation_1975-2020.png Graphic file (type png
)
<use input/images/electoral-participation_1975-2020.png>
Package pdftex.def Info: input/images/electoral-participation_1975-2020.png  us
ed on input line 261.
(pdftex.def)             Requested size: 1368.60979pt x 462.22574pt.

Overfull \hbox (934.98979pt too wide) in paragraph at lines 261--262
[][] 
 []


Underfull \vbox (badness 10000) has occurred while \output is active []

LaTeX Info: Redefining \. on input line 263.
LaTeX Info: Redefining \% on input line 263.
[15]
Underfull \vbox (badness 10000) has occurred while \output is active []

LaTeX Info: Redefining \. on input line 264.
LaTeX Info: Redefining \% on input line 264.

Package fancyhdr Warning: \headheight is too small (14.5pt): 
(fancyhdr)                Make it at least 27.11652pt, for example:
(fancyhdr)                \setlength{\headheight}{27.11652pt}.
(fancyhdr)                You might also make \topmargin smaller to compensate:

(fancyhdr)                \addtolength{\topmargin}{-12.61652pt}.

[16 <./input/images/electoral-participation_1975-2020.png>]
<input/images/fundamental-rights_1975-2020.png, id=225, 1379.1525pt x 490.83376
pt>
File: input/images/fundamental-rights_1975-2020.png Graphic file (type png)
<use input/images/fundamental-rights_1975-2020.png>
Package pdftex.def Info: input/images/fundamental-rights_1975-2020.png  used on
 input line 265.
(pdftex.def)             Requested size: 1379.14914pt x 490.83255pt.

Overfull \hbox (945.52914pt too wide) in paragraph at lines 265--266
[][] 
 []


Underfull \vbox (badness 10000) has occurred while \output is active []

LaTeX Info: Redefining \. on input line 267.
LaTeX Info: Redefining \% on input line 267.
[17]
Underfull \vbox (badness 10000) has occurred while \output is active []

LaTeX Info: Redefining \. on input line 270.
LaTeX Info: Redefining \% on input line 270.

Package fancyhdr Warning: \headheight is too small (14.5pt): 
(fancyhdr)                Make it at least 27.11652pt, for example:
(fancyhdr)                \setlength{\headheight}{27.11652pt}.
(fancyhdr)                You might also make \topmargin smaller to compensate:

(fancyhdr)                \addtolength{\topmargin}{-12.61652pt}.

[18 <./input/images/fundamental-rights_1975-2020.png>]
LaTeX Info: Redefining \. on input line 270.
LaTeX Info: Redefining \% on input line 270.
[19] [20

]
Cap\'{\i }tulo 3.
[21]
<Chile_Suecia_files/figure-latex/unnamed-chunk-6-1.pdf, id=249, 469.755pt x 325
.215pt>
File: Chile_Suecia_files/figure-latex/unnamed-chunk-6-1.pdf Graphic file (type 
pdf)
<use Chile_Suecia_files/figure-latex/unnamed-chunk-6-1.pdf>
Package pdftex.def Info: Chile_Suecia_files/figure-latex/unnamed-chunk-6-1.pdf 
 used on input line 283.
(pdftex.def)             Requested size: 346.89731pt x 240.15909pt.
<Chile_Suecia_files/figure-latex/unnamed-chunk-7-1.pdf, id=250, 469.755pt x 325
.215pt>
File: Chile_Suecia_files/figure-latex/unnamed-chunk-7-1.pdf Graphic file (type 
pdf)
<use Chile_Suecia_files/figure-latex/unnamed-chunk-7-1.pdf>
Package pdftex.def Info: Chile_Suecia_files/figure-latex/unnamed-chunk-7-1.pdf 
 used on input line 293.
(pdftex.def)             Requested size: 346.89731pt x 240.15909pt.
LaTeX Info: Redefining \. on input line 296.
LaTeX Info: Redefining \% on input line 296.

Package fancyhdr Warning: \headheight is too small (14.5pt): 
(fancyhdr)                Make it at least 27.11652pt, for example:
(fancyhdr)                \setlength{\headheight}{27.11652pt}.
(fancyhdr)                You might also make \topmargin smaller to compensate:

(fancyhdr)                \addtolength{\topmargin}{-12.61652pt}.

[22 <./Chile_Suecia_files/figure-latex/unnamed-chunk-6-1.pdf>]
<Chile_Suecia_files/figure-latex/unnamed-chunk-8-1.pdf, id=261, 469.755pt x 325
.215pt>
File: Chile_Suecia_files/figure-latex/unnamed-chunk-8-1.pdf Graphic file (type 
pdf)
<use Chile_Suecia_files/figure-latex/unnamed-chunk-8-1.pdf>
Package pdftex.def Info: Chile_Suecia_files/figure-latex/unnamed-chunk-8-1.pdf 
 used on input line 302.
(pdftex.def)             Requested size: 346.89731pt x 240.15909pt.

Underfull \vbox (badness 10000) has occurred while \output is active []

LaTeX Info: Redefining \. on input line 305.
LaTeX Info: Redefining \% on input line 305.
[23 <./Chile_Suecia_files/figure-latex/unnamed-chunk-7-1.pdf>]
<Chile_Suecia_files/figure-latex/unnamed-chunk-9-1.pdf, id=273, 469.755pt x 325
.215pt>
File: Chile_Suecia_files/figure-latex/unnamed-chunk-9-1.pdf Graphic file (type 
pdf)
<use Chile_Suecia_files/figure-latex/unnamed-chunk-9-1.pdf>
Package pdftex.def Info: Chile_Suecia_files/figure-latex/unnamed-chunk-9-1.pdf 
 used on input line 307.
(pdftex.def)             Requested size: 346.89731pt x 240.15909pt.

Underfull \vbox (badness 10000) has occurred while \output is active []

LaTeX Info: Redefining \. on input line 314.
LaTeX Info: Redefining \% on input line 314.

Package fancyhdr Warning: \headheight is too small (14.5pt): 
(fancyhdr)                Make it at least 27.11652pt, for example:
(fancyhdr)                \setlength{\headheight}{27.11652pt}.
(fancyhdr)                You might also make \topmargin smaller to compensate:

(fancyhdr)                \addtolength{\topmargin}{-12.61652pt}.

[24 <./Chile_Suecia_files/figure-latex/unnamed-chunk-8-1.pdf>]
<Chile_Suecia_files/figure-latex/unnamed-chunk-10-1.pdf, id=284, 469.755pt x 32
5.215pt>
File: Chile_Suecia_files/figure-latex/unnamed-chunk-10-1.pdf Graphic file (type
 pdf)
<use Chile_Suecia_files/figure-latex/unnamed-chunk-10-1.pdf>
Package pdftex.def Info: Chile_Suecia_files/figure-latex/unnamed-chunk-10-1.pdf
  used on input line 319.
(pdftex.def)             Requested size: 346.89731pt x 240.15909pt.
LaTeX Info: Redefining \. on input line 321.
LaTeX Info: Redefining \% on input line 321.
[25 <./Chile_Suecia_files/figure-latex/unnamed-chunk-9-1.pdf>]
<Chile_Suecia_files/figure-latex/unnamed-chunk-11-1.pdf, id=295, 469.755pt x 32
5.215pt>
File: Chile_Suecia_files/figure-latex/unnamed-chunk-11-1.pdf Graphic file (type
 pdf)
<use Chile_Suecia_files/figure-latex/unnamed-chunk-11-1.pdf>
Package pdftex.def Info: Chile_Suecia_files/figure-latex/unnamed-chunk-11-1.pdf
  used on input line 321.
(pdftex.def)             Requested size: 346.89731pt x 240.15909pt.
LaTeX Info: Redefining \. on input line 324.
LaTeX Info: Redefining \% on input line 324.

Package fancyhdr Warning: \headheight is too small (14.5pt): 
(fancyhdr)                Make it at least 27.11652pt, for example:
(fancyhdr)                \setlength{\headheight}{27.11652pt}.
(fancyhdr)                You might also make \topmargin smaller to compensate:

(fancyhdr)                \addtolength{\topmargin}{-12.61652pt}.

[26 <./Chile_Suecia_files/figure-latex/unnamed-chunk-10-1.pdf> <./Chile_Suecia_
files/figure-latex/unnamed-chunk-11-1.pdf>]
Cap\'{\i }tulo 4.

Underfull \vbox (badness 10000) has occurred while \output is active []

[27

]
<output/graph_sat.png, id=315, 853.46353pt x 568.9004pt>
File: output/graph_sat.png Graphic file (type png)
<use output/graph_sat.png>
Package pdftex.def Info: output/graph_sat.png  used on input line 337.
(pdftex.def)             Requested size: 853.46146pt x 568.89902pt.

Overfull \hbox (419.84146pt too wide) in paragraph at lines 337--338
[][] 
 []


Underfull \vbox (badness 10000) has occurred while \output is active []

LaTeX Info: Redefining \. on input line 339.
LaTeX Info: Redefining \% on input line 339.
[28]
Overfull \vbox (63.00902pt too high) has occurred while \output is active []

LaTeX Info: Redefining \. on input line 339.
LaTeX Info: Redefining \% on input line 339.
[29 <./output/graph_sat.png>]
LaTeX Info: Redefining \. on input line 348.
LaTeX Info: Redefining \% on input line 348.
[30]
<output/plotru4.png, id=333, 853.46353pt x 568.9004pt>
File: output/plotru4.png Graphic file (type png)
<use output/plotru4.png>
Package pdftex.def Info: output/plotru4.png  used on input line 353.
(pdftex.def)             Requested size: 853.46146pt x 568.89902pt.

Overfull \hbox (419.84146pt too wide) in paragraph at lines 353--354
[][] 
 []


Underfull \vbox (badness 10000) has occurred while \output is active []

LaTeX Info: Redefining \. on input line 355.
LaTeX Info: Redefining \% on input line 355.
[31]
Overfull \vbox (63.00902pt too high) has occurred while \output is active []

LaTeX Info: Redefining \. on input line 355.
LaTeX Info: Redefining \% on input line 355.
[32 <./output/plotru4.png>]
<output/plotru5.png, id=343, 853.46353pt x 568.9004pt>
File: output/plotru5.png Graphic file (type png)
<use output/plotru5.png>
Package pdftex.def Info: output/plotru5.png  used on input line 357.
(pdftex.def)             Requested size: 853.46146pt x 568.89902pt.

Overfull \hbox (419.84146pt too wide) in paragraph at lines 357--358
[][] 
 []


Underfull \vbox (badness 10000) has occurred while \output is active []

LaTeX Info: Redefining \. on input line 359.
LaTeX Info: Redefining \% on input line 359.
[33]
Overfull \vbox (63.00902pt too high) has occurred while \output is active []

LaTeX Info: Redefining \. on input line 359.
LaTeX Info: Redefining \% on input line 359.
[34 <./output/plotru5.png>]
<output/plotru2.png, id=353, 853.46353pt x 568.9004pt>
File: output/plotru2.png Graphic file (type png)
<use output/plotru2.png>
Package pdftex.def Info: output/plotru2.png  used on input line 359.
(pdftex.def)             Requested size: 853.46146pt x 568.89902pt.

Overfull \hbox (419.84146pt too wide) in paragraph at lines 359--360
[][] 
 []


Overfull \vbox (63.00902pt too high) has occurred while \output is active []

LaTeX Info: Redefining \. on input line 361.
LaTeX Info: Redefining \% on input line 361.
[35 <./output/plotru2.png>]
<output/plotru.png, id=360, 853.46353pt x 568.9004pt>
File: output/plotru.png Graphic file (type png)
<use output/plotru.png>
Package pdftex.def Info: output/plotru.png  used on input line 369.
(pdftex.def)             Requested size: 853.46146pt x 568.89902pt.

Overfull \hbox (419.84146pt too wide) in paragraph at lines 369--370
[][] 
 []


Underfull \vbox (badness 10000) has occurred while \output is active []

LaTeX Info: Redefining \. on input line 371.
LaTeX Info: Redefining \% on input line 371.
[36]
Overfull \vbox (63.00902pt too high) has occurred while \output is active []

LaTeX Info: Redefining \. on input line 371.
LaTeX Info: Redefining \% on input line 371.
[37 <./output/plotru.png>]
<output/plotru3.png, id=370, 853.46353pt x 568.9004pt>
File: output/plotru3.png Graphic file (type png)
<use output/plotru3.png>
Package pdftex.def Info: output/plotru3.png  used on input line 377.
(pdftex.def)             Requested size: 853.46146pt x 568.89902pt.

Overfull \hbox (419.84146pt too wide) in paragraph at lines 377--378
[][] 
 []


Underfull \vbox (badness 10000) has occurred while \output is active []

LaTeX Info: Redefining \. on input line 379.
LaTeX Info: Redefining \% on input line 379.
[38]
Overfull \vbox (63.00902pt too high) has occurred while \output is active []

LaTeX Info: Redefining \. on input line 379.
LaTeX Info: Redefining \% on input line 379.
[39 <./output/plotru3.png>]
<output/plotinm2.png, id=380, 853.46353pt x 568.9004pt>
File: output/plotinm2.png Graphic file (type png)
<use output/plotinm2.png>
Package pdftex.def Info: output/plotinm2.png  used on input line 391.
(pdftex.def)             Requested size: 853.46146pt x 568.89902pt.

Overfull \hbox (419.84146pt too wide) in paragraph at lines 391--392
[][] 
 []


Underfull \vbox (badness 10000) has occurred while \output is active []

LaTeX Info: Redefining \. on input line 393.
LaTeX Info: Redefining \% on input line 393.
[40]
Overfull \vbox (95.49223pt too high) has occurred while \output is active []

LaTeX Info: Redefining \. on input line 393.
LaTeX Info: Redefining \% on input line 393.
[41 <./output/plotinm2.png>]
<output/plotdem.png, id=394, 853.46353pt x 568.9004pt>
File: output/plotdem.png Graphic file (type png)
<use output/plotdem.png>
Package pdftex.def Info: output/plotdem.png  used on input line 398.
(pdftex.def)             Requested size: 853.46146pt x 568.89902pt.

Overfull \hbox (419.84146pt too wide) in paragraph at lines 398--399
[][] 
 []


Underfull \vbox (badness 10000) has occurred while \output is active []

LaTeX Info: Redefining \. on input line 401.
LaTeX Info: Redefining \% on input line 401.
[42]
Overfull \vbox (95.49223pt too high) has occurred while \output is active []

LaTeX Info: Redefining \. on input line 401.
LaTeX Info: Redefining \% on input line 401.
[43 <./output/plotdem.png>]
<output/plottr.png, id=407, 853.46353pt x 568.9004pt>
File: output/plottr.png Graphic file (type png)
<use output/plottr.png>
Package pdftex.def Info: output/plottr.png  used on input line 413.
(pdftex.def)             Requested size: 853.46146pt x 568.89902pt.

Overfull \hbox (419.84146pt too wide) in paragraph at lines 413--414
[][] 
 []


Underfull \vbox (badness 10000) has occurred while \output is active []

LaTeX Info: Redefining \. on input line 415.
LaTeX Info: Redefining \% on input line 415.
[44]
Overfull \vbox (63.00902pt too high) has occurred while \output is active []

LaTeX Info: Redefining \. on input line 415.
LaTeX Info: Redefining \% on input line 415.
[45 <./output/plottr.png>]
<output/plottr2.png, id=421, 853.46353pt x 568.9004pt>
File: output/plottr2.png Graphic file (type png)
<use output/plottr2.png>
Package pdftex.def Info: output/plottr2.png  used on input line 417.
(pdftex.def)             Requested size: 853.46146pt x 568.89902pt.

Overfull \hbox (419.84146pt too wide) in paragraph at lines 417--418
[][] 
 []


Underfull \vbox (badness 10000) has occurred while \output is active []

LaTeX Info: Redefining \. on input line 419.
LaTeX Info: Redefining \% on input line 419.
[46]
Overfull \vbox (63.00902pt too high) has occurred while \output is active []

LaTeX Info: Redefining \. on input line 419.
LaTeX Info: Redefining \% on input line 419.
[47 <./output/plottr2.png>]
<output/plottr3.png, id=432, 853.46353pt x 568.9004pt>
File: output/plottr3.png Graphic file (type png)
<use output/plottr3.png>
Package pdftex.def Info: output/plottr3.png  used on input line 421.
(pdftex.def)             Requested size: 853.46146pt x 568.89902pt.

Overfull \hbox (419.84146pt too wide) in paragraph at lines 421--422
[][] 
 []


Underfull \vbox (badness 10000) has occurred while \output is active []

LaTeX Info: Redefining \. on input line 423.
LaTeX Info: Redefining \% on input line 423.
[48]
Overfull \vbox (63.00902pt too high) has occurred while \output is active []

LaTeX Info: Redefining \. on input line 423.
LaTeX Info: Redefining \% on input line 423.
[49 <./output/plottr3.png>]
<output/plottr4.png, id=443, 853.46353pt x 568.9004pt>
File: output/plottr4.png Graphic file (type png)
<use output/plottr4.png>
Package pdftex.def Info: output/plottr4.png  used on input line 425.
(pdftex.def)             Requested size: 853.46146pt x 568.89902pt.

Overfull \hbox (419.84146pt too wide) in paragraph at lines 425--426
[][] 
 []


Underfull \vbox (badness 10000) has occurred while \output is active []

LaTeX Info: Redefining \. on input line 428.
LaTeX Info: Redefining \% on input line 428.
[50]
Overfull \vbox (63.00902pt too high) has occurred while \output is active []

LaTeX Info: Redefining \. on input line 428.
LaTeX Info: Redefining \% on input line 428.
[51 <./output/plottr4.png>]
<output/plotyp1.png, id=454, 853.46353pt x 568.9004pt>
File: output/plotyp1.png Graphic file (type png)
<use output/plotyp1.png>
Package pdftex.def Info: output/plotyp1.png  used on input line 447.
(pdftex.def)             Requested size: 853.46146pt x 568.89902pt.

Overfull \hbox (419.84146pt too wide) in paragraph at lines 447--448
[][] 
 []


Underfull \vbox (badness 10000) has occurred while \output is active []

LaTeX Info: Redefining \. on input line 449.
LaTeX Info: Redefining \% on input line 449.
[52]
Overfull \vbox (63.00902pt too high) has occurred while \output is active []

LaTeX Info: Redefining \. on input line 449.
LaTeX Info: Redefining \% on input line 449.
[53 <./output/plotyp1.png>]
<output/plotyp2.png, id=468, 853.46353pt x 568.9004pt>
File: output/plotyp2.png Graphic file (type png)
<use output/plotyp2.png>
Package pdftex.def Info: output/plotyp2.png  used on input line 451.
(pdftex.def)             Requested size: 853.46146pt x 568.89902pt.

Overfull \hbox (419.84146pt too wide) in paragraph at lines 451--452
[][] 
 []


Underfull \vbox (badness 10000) has occurred while \output is active []

LaTeX Info: Redefining \. on input line 453.
LaTeX Info: Redefining \% on input line 453.
[54]
Overfull \vbox (63.00902pt too high) has occurred while \output is active []

LaTeX Info: Redefining \. on input line 453.
LaTeX Info: Redefining \% on input line 453.
[55 <./output/plotyp2.png>]
<output/plotyp3.png, id=478, 853.46353pt x 568.9004pt>
File: output/plotyp3.png Graphic file (type png)
<use output/plotyp3.png>
Package pdftex.def Info: output/plotyp3.png  used on input line 455.
(pdftex.def)             Requested size: 853.46146pt x 568.89902pt.

Overfull \hbox (419.84146pt too wide) in paragraph at lines 455--456
[][] 
 []


Underfull \vbox (badness 10000) has occurred while \output is active []

LaTeX Info: Redefining \. on input line 457.
LaTeX Info: Redefining \% on input line 457.
[56]
Overfull \vbox (63.00902pt too high) has occurred while \output is active []

LaTeX Info: Redefining \. on input line 457.
LaTeX Info: Redefining \% on input line 457.
[57 <./output/plotyp3.png>]
<output/plotyp4.png, id=488, 853.46353pt x 568.9004pt>
File: output/plotyp4.png Graphic file (type png)
<use output/plotyp4.png>
Package pdftex.def Info: output/plotyp4.png  used on input line 459.
(pdftex.def)             Requested size: 853.46146pt x 568.89902pt.

Overfull \hbox (419.84146pt too wide) in paragraph at lines 459--460
[][] 
 []


Underfull \vbox (badness 10000) has occurred while \output is active []

LaTeX Info: Redefining \. on input line 461.
LaTeX Info: Redefining \% on input line 461.
[58]
Overfull \vbox (63.00902pt too high) has occurred while \output is active []

LaTeX Info: Redefining \. on input line 461.
LaTeX Info: Redefining \% on input line 461.
[59 <./output/plotyp4.png>]
<output/plotyp5.png, id=499, 853.46353pt x 568.9004pt>
File: output/plotyp5.png Graphic file (type png)
<use output/plotyp5.png>
Package pdftex.def Info: output/plotyp5.png  used on input line 463.
(pdftex.def)             Requested size: 853.46146pt x 568.89902pt.

Overfull \hbox (419.84146pt too wide) in paragraph at lines 463--464
[][] 
 []


Underfull \vbox (badness 10000) has occurred while \output is active []

LaTeX Info: Redefining \. on input line 466.
LaTeX Info: Redefining \% on input line 466.
[60]
Overfull \vbox (63.00902pt too high) has occurred while \output is active []

LaTeX Info: Redefining \. on input line 466.
LaTeX Info: Redefining \% on input line 466.
[61 <./output/plotyp5.png>]
<output/plotdiscper1.png, id=510, 853.46353pt x 568.9004pt>
File: output/plotdiscper1.png Graphic file (type png)
<use output/plotdiscper1.png>
Package pdftex.def Info: output/plotdiscper1.png  used on input line 470.
(pdftex.def)             Requested size: 853.46146pt x 568.89902pt.

Overfull \hbox (419.84146pt too wide) in paragraph at lines 470--471
[][] 
 []


Underfull \vbox (badness 10000) has occurred while \output is active []

LaTeX Info: Redefining \. on input line 472.
LaTeX Info: Redefining \% on input line 472.
[62]
Overfull \vbox (63.00902pt too high) has occurred while \output is active []

LaTeX Info: Redefining \. on input line 472.
LaTeX Info: Redefining \% on input line 472.
[63 <./output/plotdiscper1.png>]
<output/plotdiscper2.png, id=521, 853.46353pt x 568.9004pt>
File: output/plotdiscper2.png Graphic file (type png)
<use output/plotdiscper2.png>
Package pdftex.def Info: output/plotdiscper2.png  used on input line 474.
(pdftex.def)             Requested size: 853.46146pt x 568.89902pt.

Overfull \hbox (419.84146pt too wide) in paragraph at lines 474--475
[][] 
 []


Underfull \vbox (badness 10000) has occurred while \output is active []

LaTeX Info: Redefining \. on input line 476.
LaTeX Info: Redefining \% on input line 476.
[64]
Overfull \vbox (63.00902pt too high) has occurred while \output is active []

LaTeX Info: Redefining \. on input line 476.
LaTeX Info: Redefining \% on input line 476.
[65 <./output/plotdiscper2.png>]
<output/plotdiscper3.png, id=532, 853.46353pt x 568.9004pt>
File: output/plotdiscper3.png Graphic file (type png)
<use output/plotdiscper3.png>
Package pdftex.def Info: output/plotdiscper3.png  used on input line 478.
(pdftex.def)             Requested size: 853.46146pt x 568.89902pt.

Overfull \hbox (419.84146pt too wide) in paragraph at lines 478--479
[][] 
 []


Underfull \vbox (badness 10000) has occurred while \output is active []

LaTeX Info: Redefining \. on input line 480.
LaTeX Info: Redefining \% on input line 480.
[66]
Overfull \vbox (63.00902pt too high) has occurred while \output is active []

LaTeX Info: Redefining \. on input line 480.
LaTeX Info: Redefining \% on input line 480.
[67 <./output/plotdiscper3.png>]
LaTeX Font Info:    Trying to load font information for TS1+lmr on input line 4
80.

(c:/Users/Francisco Meneses R/AppData/Roaming/TinyTeX/texmf-dist/tex/latex/lm/t
s1lmr.fd
File: ts1lmr.fd 2015/05/01 v1.6.1 Font defs for Latin Modern
)
<output/plotdiscpar1.png, id=542, 853.46353pt x 568.9004pt>
File: output/plotdiscpar1.png Graphic file (type png)
<use output/plotdiscpar1.png>
Package pdftex.def Info: output/plotdiscpar1.png  used on input line 482.
(pdftex.def)             Requested size: 853.46146pt x 568.89902pt.

Overfull \hbox (419.84146pt too wide) in paragraph at lines 482--483
[][] 
 []


Underfull \vbox (badness 10000) has occurred while \output is active []

LaTeX Info: Redefining \. on input line 484.
LaTeX Info: Redefining \% on input line 484.
[68]
Overfull \vbox (63.00902pt too high) has occurred while \output is active []

LaTeX Info: Redefining \. on input line 484.
LaTeX Info: Redefining \% on input line 484.
[69 <./output/plotdiscpar1.png>]
<output/plotdiscpar2.png, id=553, 853.46353pt x 568.9004pt>
File: output/plotdiscpar2.png Graphic file (type png)
<use output/plotdiscpar2.png>
Package pdftex.def Info: output/plotdiscpar2.png  used on input line 486.
(pdftex.def)             Requested size: 853.46146pt x 568.89902pt.

Overfull \hbox (419.84146pt too wide) in paragraph at lines 486--487
[][] 
 []


Underfull \vbox (badness 10000) has occurred while \output is active []

LaTeX Info: Redefining \. on input line 488.
LaTeX Info: Redefining \% on input line 488.
[70]
Overfull \vbox (63.00902pt too high) has occurred while \output is active []

LaTeX Info: Redefining \. on input line 488.
LaTeX Info: Redefining \% on input line 488.
[71 <./output/plotdiscpar2.png>]
<output/plotdiscpar3.png, id=564, 853.46353pt x 568.9004pt>
File: output/plotdiscpar3.png Graphic file (type png)
<use output/plotdiscpar3.png>
Package pdftex.def Info: output/plotdiscpar3.png  used on input line 490.
(pdftex.def)             Requested size: 853.46146pt x 568.89902pt.

Overfull \hbox (419.84146pt too wide) in paragraph at lines 490--491
[][] 
 []


Underfull \vbox (badness 10000) has occurred while \output is active []

LaTeX Info: Redefining \. on input line 492.
LaTeX Info: Redefining \% on input line 492.
[72]
Overfull \vbox (63.00902pt too high) has occurred while \output is active []

LaTeX Info: Redefining \. on input line 492.
LaTeX Info: Redefining \% on input line 492.
[73 <./output/plotdiscpar3.png>]
LaTeX Info: Redefining \. on input line 509.
LaTeX Info: Redefining \% on input line 509.
[74]
Cap\'{\i }tulo 5.
[75

]
LaTeX Info: Redefining \. on input line 520.
LaTeX Info: Redefining \% on input line 520.
[76]
No file Chile_Suecia.bbl.
[77

] (./Chile_Suecia.aux
LaTeX Info: Redefining \. on input line 26.
LaTeX Info: Redefining \% on input line 26.
)
Package rerunfilecheck Info: File `Chile_Suecia.out' has not changed.
(rerunfilecheck)             Checksum: 991B7E2DA5515B1602E3719377019C1E;4336.
 ) 
Here is how much of TeX's memory you used:
 14287 strings out of 480218
 242084 string characters out of 5891984
 514528 words of memory out of 5000000
 31822 multiletter control sequences out of 15000+600000
 510643 words of font info for 60 fonts, out of 8000000 for 9000
 14 hyphenation exceptions out of 8191
 60i,12n,69p,1272b,644s stack positions out of 5000i,500n,10000p,200000b,80000s
{c:/Users/Francisco Meneses R/AppData/Roaming/TinyTeX/texmf-dist/fonts/enc/dv
ips/lm/lm-ts1.enc}{c:/Users/Francisco Meneses R/AppData/Roaming/TinyTeX/texmf-d
ist/fonts/enc/dvips/lm/lm-ec.enc}<c:/Users/Francisco Meneses R/AppData/Roaming/
TinyTeX/texmf-dist/fonts/type1/public/lm/lmbx12.pfb><c:/Users/Francisco Meneses
 R/AppData/Roaming/TinyTeX/texmf-dist/fonts/type1/public/lm/lmr12.pfb><c:/Users
/Francisco Meneses R/AppData/Roaming/TinyTeX/texmf-dist/fonts/type1/public/lm/l
mro12.pfb><c:/Users/Francisco Meneses R/AppData/Roaming/TinyTeX/texmf-dist/font
s/type1/public/lm/lmtt12.pfb>
Output written on Chile_Suecia.pdf (85 pages, 3450865 bytes).
PDF statistics:
 651 PDF objects out of 1000 (max. 8388607)
 482 compressed objects within 5 object streams
 139 named destinations out of 1000 (max. 500000)
 315 words of extra memory for PDF output out of 10000 (max. 10000000)

